<?xml version="1.0" encoding="UTF-8"?>
<!-- Generated by org.testng.reporters.JUnitXMLReporter -->
<testsuite ignored="11" hostname="DESKTOP-0DEQTKC" failures="1" tests="1" name="Testsign" time="0.069" errors="0" timestamp="2023-09-02T19:50:15 EDT">
  <testcase classname="testcases.Signuppagetest" name="Tc_signupid" time="0.027">
    <failure type="org.testng.internal.reflect.MethodMatcherException" message="
[public void testcases.Signuppagetest.Tc_signupid(java.lang.String) throws java.lang.InterruptedException] has no parameters defined but was found to be using a data provider (either explicitly specified or inherited from class level annotation).
Data provider mismatch
Method: Tc_signupid([java.lang.String arg0])
Arguments: [(java.lang.String) ,(java.lang.String) ]">
      <![CDATA[org.testng.internal.reflect.MethodMatcherException: 
[public void testcases.Signuppagetest.Tc_signupid(java.lang.String) throws java.lang.InterruptedException] has no parameters defined but was found to be using a data provider (either explicitly specified or inherited from class level annotation).
Data provider mismatch
Method: Tc_signupid([java.lang.String arg0])
Arguments: [(java.lang.String) ,(java.lang.String) ]
at java.base/java.util.ArrayList.forEach(ArrayList.java:1511)
... Removed 22 stack frames]]>
    </failure>
  </testcase> <!-- Tc_signupid -->
  <testcase classname="testcases.Signuppagetest" name="Tc_lastname" time="0.0">
    <ignored/>
  </testcase> <!-- Tc_lastname -->
  <testcase classname="testcases.Signuppagetest" name="Tc_firstname" time="0.0">
    <ignored/>
  </testcase> <!-- Tc_firstname -->
  <testcase classname="testcases.Signuppagetest" name="Tc_organizatn" time="0.0">
    <ignored/>
  </testcase> <!-- Tc_organizatn -->
  <testcase classname="testcases.Signuppagetest" name="Tc_province" time="0.0">
    <ignored/>
  </testcase> <!-- Tc_province -->
  <testcase classname="testcases.Signuppagetest" name="Tc_city" time="0.0">
    <ignored/>
  </testcase> <!-- Tc_city -->
  <testcase classname="testcases.Signuppagetest" name="Tc_companyaddress" time="0.0">
    <ignored/>
  </testcase> <!-- Tc_companyaddress -->
  <testcase classname="testcases.Signuppagetest" name="Tc_country" time="0.0">
    <ignored/>
  </testcase> <!-- Tc_country -->
  <testcase classname="testcases.Signuppagetest" name="Tc_confmpasswrd" time="0.0">
    <ignored/>
  </testcase> <!-- Tc_confmpasswrd -->
  <testcase classname="testcases.Signuppagetest" name="Tc_companyname" time="0.0">
    <ignored/>
  </testcase> <!-- Tc_companyname -->
  <testcase classname="testcases.Signuppagetest" name="Tc_postalcode" time="0.0">
    <ignored/>
  </testcase> <!-- Tc_postalcode -->
  <testcase classname="testcases.Signuppagetest" name="Tc_passwrd" time="0.0">
    <ignored/>
  </testcase> <!-- Tc_passwrd -->
</testsuite> <!-- Testsign -->
